#
# There is insufficient memory for the Java Runtime Environment to continue.
# Native memory allocation (mmap) failed to map 132120576 bytes for G1 virtual space
# Possible reasons:
#   The system is out of physical RAM or swap space
#   The process is running with CompressedOops enabled, and the Java Heap may be blocking the growth of the native heap
# Possible solutions:
#   Reduce memory load on the system
#   Increase physical memory or swap space
#   Check if swap backing store is full
#   Decrease Java heap size (-Xmx/-Xms)
#   Decrease number of Java threads
#   Decrease Java thread stack sizes (-Xss)
#   Set larger code cache with -XX:ReservedCodeCacheSize=
#   JVM is running with Unscaled Compressed Oops mode in which the Java heap is
#     placed in the first 4GB address space. The Java Heap base address is the
#     maximum limit for the native heap growth. Please use -XX:HeapBaseMinAddress
#     to set the Java Heap base and to place the Java Heap above 4GB virtual address.
# This output file may be truncated or incomplete.
#
#  Out of Memory Error (os_windows.cpp:3548), pid=11344, tid=19072
#
# JRE version:  (17.0.5+8) (build )
# Java VM: OpenJDK 64-Bit Server VM (17.0.5+8, mixed mode, sharing, tiered, compressed oops, compressed class ptrs, g1 gc, windows-amd64)
# No core dump will be written. Minidumps are not enabled by default on client versions of Windows
#

---------------  S U M M A R Y ------------

Command Line: --add-opens=java.base/java.lang=ALL-UNNAMED -Dmaven.home=EMBEDDED -Dclassworlds.conf=C:\projects\workspace\.metadata\.plugins\org.eclipse.m2e.launching\launches\m2conf16734000206387403173.tmp -Dmaven.multiModuleProjectDirectory=C:\projects\workspace\mySpringWeb -Dm2e.build.project.data.socket.port=53466 -Dfile.encoding=UTF-8 -XX:+ShowCodeDetailsInExceptionMessages org.codehaus.plexus.classworlds.launcher.Launcher -B -Dstyle.color=always install

Host: Intel(R) Core(TM) i5-8250U CPU @ 1.60GHz, 8 cores, 7G,  Windows 10 , 64 bit Build 18362 (10.0.18362.1500)
Time: Thu Mar 16 13:28:54 2023 대한민국 표준시 elapsed time: 0.076628 seconds (0d 0h 0m 0s)

---------------  T H R E A D  ---------------

Current thread (0x0000022d989d2010):  JavaThread "Unknown thread" [_thread_in_vm, id=19072, stack(0x000000ca85600000,0x000000ca85700000)]

Stack: [0x000000ca85600000,0x000000ca85700000]
Native frames: (J=compiled Java code, j=interpreted, Vv=VM code, C=native code)
V  [jvm.dll+0x676b3a]
V  [jvm.dll+0x831444]
V  [jvm.dll+0x832bee]
V  [jvm.dll+0x833253]
V  [jvm.dll+0x244ce5]
V  [jvm.dll+0x673a49]
V  [jvm.dll+0x66811a]
V  [jvm.dll+0x303ceb]
V  [jvm.dll+0x30b1e6]
V  [jvm.dll+0x35adbe]
V  [jvm.dll+0x35afef]
V  [jvm.dll+0x2dab88]
V  [jvm.dll+0x2dbaf4]
V  [jvm.dll+0x803121]
V  [jvm.dll+0x368bb1]
V  [jvm.dll+0x7e265c]
V  [jvm.dll+0x3eb17f]
V  [jvm.dll+0x3eccc1]
C  [jli.dll+0x5267]
C  [ucrtbase.dll+0x210b2]
C  [KERNEL32.DLL+0x17c24]
C  [ntdll.dll+0x6d721]


---------------  P R O C E S S  ---------------

Threads class SMR info:
_java_thread_list=0x00007ffa4bfa2f18, length=0, elements={
}

Java Threads: ( => current thread )

Other Threads:
  0x0000022d98a2c060 GCTaskThread "GC Thread#0" [stack: 0x000000ca85700000,0x000000ca85800000] [id=25708]
  0x0000022d98a3d0e0 ConcurrentGCThread "G1 Main Marker" [stack: 0x000000ca85800000,0x000000ca85900000] [id=20744]
  0x0000022d98a3d990 ConcurrentGCThread "G1 Conc#0" [stack: 0x000000ca85900000,0x000000ca85a00000] [id=23976]

[error occurred during error reporting (printing all threads), id 0xc0000005, EXCEPTION_ACCESS_VIOLATION (0xc0000005) at pc=0x00007ffa4b77b617]

VM state: not at safepoint (not fully initialized)

VM Mutex/Monitor currently owned by a thread:  ([mutex/lock_event])
[0x0000022d989cd330] Heap_lock - owner thread: 0x0000022d989d2010

Heap address: 0x0000000082800000, size: 2008 MB, Compressed Oops mode: 32-bit

CDS archive(s) mapped at: [0x0000000000000000-0x0000000000000000-0x0000000000000000), size 0, SharedBaseAddress: 0x0000000800000000, ArchiveRelocationMode: 0.
Narrow klass base: 0x0000000000000000, Narrow klass shift: 0, Narrow klass range: 0x0

GC Precious Log:
<Empty>

Heap:
 garbage-first heap   total 0K, used 0K [0x0000000082800000, 0x0000000100000000)
  region size 1024K, 0 young (0K), 0 survivors (0K)

[error occurred during error reporting (printing heap information), id 0xc0000005, EXCEPTION_ACCESS_VIOLATION (0xc0000005) at pc=0x00007ffa4bb5fcb9]

GC Heap History (0 events):
No events

Dll operation events (1 events):
Event: 0.047 Loaded shared library C:\projects\eclipse-jee-2022-12-R-win32-x86_64\eclipse\plugins\org.eclipse.justj.openjdk.hotspot.jre.full.win32.x86_64_17.0.5.v20221102-0933\jre\bin\java.dll

Deoptimization events (0 events):
No events

Classes unloaded (0 events):
No events

Classes redefined (0 events):
No events

Internal exceptions (0 events):
No events

VM Operations (0 events):
No events

Events (0 events):
No events


Dynamic libraries:
0x00007ff65eeb0000 - 0x00007ff65eebe000 	C:\projects\eclipse-jee-2022-12-R-win32-x86_64\eclipse\plugins\org.eclipse.justj.openjdk.hotspot.jre.full.win32.x86_64_17.0.5.v20221102-0933\jre\bin\javaw.exe
0x00007ffa9ada0000 - 0x00007ffa9af90000 	C:\WINDOWS\SYSTEM32\ntdll.dll
0x00007ffa98e50000 - 0x00007ffa98f02000 	C:\WINDOWS\System32\KERNEL32.DLL
0x00007ffa98ba0000 - 0x00007ffa98e45000 	C:\WINDOWS\System32\KERNELBASE.dll
0x00007ffa98200000 - 0x00007ffa982fa000 	C:\WINDOWS\System32\ucrtbase.dll
0x00007ffa7e5a0000 - 0x00007ffa7e5b9000 	C:\projects\eclipse-jee-2022-12-R-win32-x86_64\eclipse\plugins\org.eclipse.justj.openjdk.hotspot.jre.full.win32.x86_64_17.0.5.v20221102-0933\jre\bin\VCRUNTIME140.dll
0x00007ffa7ca60000 - 0x00007ffa7ca77000 	C:\projects\eclipse-jee-2022-12-R-win32-x86_64\eclipse\plugins\org.eclipse.justj.openjdk.hotspot.jre.full.win32.x86_64_17.0.5.v20221102-0933\jre\bin\jli.dll
0x00007ffa9a610000 - 0x00007ffa9a7a4000 	C:\WINDOWS\System32\USER32.dll
0x00007ffa98010000 - 0x00007ffa98031000 	C:\WINDOWS\System32\win32u.dll
0x00007ffa99820000 - 0x00007ffa99846000 	C:\WINDOWS\System32\GDI32.dll
0x00007ffa98060000 - 0x00007ffa981f8000 	C:\WINDOWS\System32\gdi32full.dll
0x00007ffa97f70000 - 0x00007ffa9800e000 	C:\WINDOWS\System32\msvcp_win.dll
0x00007ffa7c2f0000 - 0x00007ffa7c574000 	C:\WINDOWS\WinSxS\amd64_microsoft.windows.common-controls_6595b64144ccf1df_6.0.18362.1556_none_9e7e372fe45e41d5\COMCTL32.dll
0x00007ffa9a570000 - 0x00007ffa9a60e000 	C:\WINDOWS\System32\msvcrt.dll
0x00007ffa98f20000 - 0x00007ffa99256000 	C:\WINDOWS\System32\combase.dll
0x00007ffa995e0000 - 0x00007ffa996ff000 	C:\WINDOWS\System32\RPCRT4.dll
0x00007ffa98b10000 - 0x00007ffa98b91000 	C:\WINDOWS\System32\bcryptPrimitives.dll
0x00007ffa9a540000 - 0x00007ffa9a56e000 	C:\WINDOWS\System32\IMM32.DLL
0x00007ffa90510000 - 0x00007ffa9051c000 	C:\projects\eclipse-jee-2022-12-R-win32-x86_64\eclipse\plugins\org.eclipse.justj.openjdk.hotspot.jre.full.win32.x86_64_17.0.5.v20221102-0933\jre\bin\vcruntime140_1.dll
0x00007ffa67e60000 - 0x00007ffa67ef1000 	C:\projects\eclipse-jee-2022-12-R-win32-x86_64\eclipse\plugins\org.eclipse.justj.openjdk.hotspot.jre.full.win32.x86_64_17.0.5.v20221102-0933\jre\bin\msvcp140.dll
0x00007ffa4b490000 - 0x00007ffa4c0d4000 	C:\projects\eclipse-jee-2022-12-R-win32-x86_64\eclipse\plugins\org.eclipse.justj.openjdk.hotspot.jre.full.win32.x86_64_17.0.5.v20221102-0933\jre\bin\server\jvm.dll
0x00007ffa99770000 - 0x00007ffa99813000 	C:\WINDOWS\System32\ADVAPI32.dll
0x00007ffa99390000 - 0x00007ffa99427000 	C:\WINDOWS\System32\sechost.dll
0x00007ffa816c0000 - 0x00007ffa816c9000 	C:\WINDOWS\SYSTEM32\WSOCK32.dll
0x00007ffa91790000 - 0x00007ffa9179a000 	C:\WINDOWS\SYSTEM32\VERSION.dll
0x00007ffa91b80000 - 0x00007ffa91ba4000 	C:\WINDOWS\SYSTEM32\WINMM.dll
0x00007ffa9a1f0000 - 0x00007ffa9a25f000 	C:\WINDOWS\System32\WS2_32.dll
0x00007ffa91ab0000 - 0x00007ffa91add000 	C:\WINDOWS\SYSTEM32\winmmbase.dll
0x00007ffa97d10000 - 0x00007ffa97d5a000 	C:\WINDOWS\System32\cfgmgr32.dll
0x00007ffa97c60000 - 0x00007ffa97c71000 	C:\WINDOWS\System32\kernel.appcore.dll
0x00007ffa92490000 - 0x00007ffa9249a000 	C:\projects\eclipse-jee-2022-12-R-win32-x86_64\eclipse\plugins\org.eclipse.justj.openjdk.hotspot.jre.full.win32.x86_64_17.0.5.v20221102-0933\jre\bin\jimage.dll
0x00007ffa96540000 - 0x00007ffa96734000 	C:\WINDOWS\SYSTEM32\DBGHELP.DLL
0x00007ffa7fd70000 - 0x00007ffa7fd9a000 	C:\WINDOWS\SYSTEM32\dbgcore.DLL
0x00007ffa8ae10000 - 0x00007ffa8ae35000 	C:\projects\eclipse-jee-2022-12-R-win32-x86_64\eclipse\plugins\org.eclipse.justj.openjdk.hotspot.jre.full.win32.x86_64_17.0.5.v20221102-0933\jre\bin\java.dll

dbghelp: loaded successfully - version: 4.0.5 - missing functions: none
symbol engine: initialized successfully - sym options: 0x614 - pdb path: .;C:\projects\eclipse-jee-2022-12-R-win32-x86_64\eclipse\plugins\org.eclipse.justj.openjdk.hotspot.jre.full.win32.x86_64_17.0.5.v20221102-0933\jre\bin;C:\WINDOWS\SYSTEM32;C:\WINDOWS\WinSxS\amd64_microsoft.windows.common-controls_6595b64144ccf1df_6.0.18362.1556_none_9e7e372fe45e41d5;C:\projects\eclipse-jee-2022-12-R-win32-x86_64\eclipse\plugins\org.eclipse.justj.openjdk.hotspot.jre.full.win32.x86_64_17.0.5.v20221102-0933\jre\bin\server

VM Arguments:
jvm_args: --add-opens=java.base/java.lang=ALL-UNNAMED -Dmaven.home=EMBEDDED -Dclassworlds.conf=C:\projects\workspace\.metadata\.plugins\org.eclipse.m2e.launching\launches\m2conf16734000206387403173.tmp -Dmaven.multiModuleProjectDirectory=C:\projects\workspace\mySpringWeb -Dm2e.build.project.data.socket.port=53466 -Dfile.encoding=UTF-8 -XX:+ShowCodeDetailsInExceptionMessages 
java_command: org.codehaus.plexus.classworlds.launcher.Launcher -B -Dstyle.color=always install
java_class_path (initial): C:\projects\eclipse-jee-2022-12-R-win32-x86_64\eclipse\plugins\org.eclipse.m2e.maven.runtime_3.8.604.20221130-2149\jars\plexus-classworlds-2.6.0.jar
Launcher Type: SUN_STANDARD

[Global flags]
     intx CICompilerCount                          = 4                                         {product} {ergonomic}
     uint ConcGCThreads                            = 2                                         {product} {ergonomic}
     uint G1ConcRefinementThreads                  = 8                                         {product} {ergonomic}
   size_t G1HeapRegionSize                         = 1048576                                   {product} {ergonomic}
    uintx GCDrainStackTargetSize                   = 64                                        {product} {ergonomic}
   size_t InitialHeapSize                          = 132120576                                 {product} {ergonomic}
   size_t MarkStackSize                            = 4194304                                   {product} {ergonomic}
   size_t MaxHeapSize                              = 2105540608                                {product} {ergonomic}
   size_t MinHeapDeltaBytes                        = 1048576                                   {product} {ergonomic}
   size_t MinHeapSize                              = 8388608                                   {product} {ergonomic}
    uintx NonNMethodCodeHeapSize                   = 5839372                                {pd product} {ergonomic}
    uintx NonProfiledCodeHeapSize                  = 122909434                              {pd product} {ergonomic}
    uintx ProfiledCodeHeapSize                     = 122909434                              {pd product} {ergonomic}
    uintx ReservedCodeCacheSize                    = 251658240                              {pd product} {ergonomic}
     bool SegmentedCodeCache                       = true                                      {product} {ergonomic}
     bool ShowCodeDetailsInExceptionMessages       = true                                   {manageable} {command line}
   size_t SoftMaxHeapSize                          = 2105540608                             {manageable} {ergonomic}
     bool UseCompressedClassPointers               = true                           {product lp64_product} {ergonomic}
     bool UseCompressedOops                        = true                           {product lp64_product} {ergonomic}
     bool UseG1GC                                  = true                                      {product} {ergonomic}
     bool UseLargePagesIndividualAllocation        = false                                  {pd product} {ergonomic}

Logging:
Log output configuration:
 #0: stdout all=warning uptime,level,tags
 #1: stderr all=off uptime,level,tags

Environment Variables:
JAVA_HOME=C:\projects\jdk1.8.0_351
PATH=C:/projects/eclipse-jee-2022-12-R-win32-x86_64/eclipse//plugins/org.eclipse.justj.openjdk.hotspot.jre.full.win32.x86_64_17.0.5.v20221102-0933/jre/bin/server;C:/projects/eclipse-jee-2022-12-R-win32-x86_64/eclipse//plugins/org.eclipse.justj.openjdk.hotspot.jre.full.win32.x86_64_17.0.5.v20221102-0933/jre/bin;C:\oraclexe\app\oracle\product\11.2.0\server\bin;C:\projects\jdk1.8.0_351\bin;C:\Program Files (x86)\Common Files\Oracle\Java\javapath;C:\Program Files (x86)\Intel\iCLS Client\;C:\Program Files\Intel\iCLS Client\;C:\WINDOWS\system32;C:\WINDOWS;C:\WINDOWS\System32\Wbem;C:\WINDOWS\System32\WindowsPowerShell\v1.0\;C:\Program Files (x86)\Intel\Intel(R) Management Engine Components\DAL;C:\Program Files\Intel\Intel(R) Management Engine Components\DAL;C:\Program Files (x86)\Intel\Intel(R) Management Engine Components\IPT;C:\Program Files\Intel\Intel(R) Management Engine Components\IPT;C:\Program Files\Intel\WiFi\bin\;C:\Program Files\Common Files\Intel\WirelessCommon\;C:\Program Files\dotnet\;C:\WINDOWS\System32\OpenSSH\;C:\Program Files\Java\jdk1.8.0_201\bin;C:\Program Files\PostgreSQL\12\bin;C:\Users\seori\Downloads\httpd-2.4.46-win64-VS16\Apache24\bin;C:\Program Files\Zulu\zulu-8\bin\;C:\Program Files\Git\cmd;C:\Users\seori\AppData\Local\Microsoft\WindowsApps;C:\Users\seori\AppData\Local\GitHubDesktop\bin;C:\Users\seori\AppData\Local\Programs\Microsoft VS Code\bin;C:\projects\eclipse-jee-2022-12-R-win32-x86_64\eclipse;
USERNAME=seori
OS=Windows_NT
PROCESSOR_IDENTIFIER=Intel64 Family 6 Model 142 Stepping 10, GenuineIntel
TMP=C:\Users\seori\AppData\Local\Temp
TEMP=C:\Users\seori\AppData\Local\Temp



---------------  S Y S T E M  ---------------

OS:
 Windows 10 , 64 bit Build 18362 (10.0.18362.1500)
OS uptime: 6 days 0:19 hours

CPU: total 8 (initial active 8) (4 cores per cpu, 2 threads per core) family 6 model 142 stepping 10 microcode 0xe0, cx8, cmov, fxsr, ht, mmx, 3dnowpref, sse, sse2, sse3, ssse3, sse4.1, sse4.2, popcnt, lzcnt, tsc, tscinvbit, avx, avx2, aes, erms, clmul, bmi1, bmi2, adx, fma, vzeroupper, clflush, clflushopt

Memory: 4k page, system-wide physical 8025M (460M free)
TotalPageFile size 32601M (AvailPageFile size 123M)
current process WorkingSet (physical memory assigned to process): 10M, peak: 10M
current process commit charge ("private bytes"): 60M, peak: 186M

vm_info: OpenJDK 64-Bit Server VM (17.0.5+8) for windows-amd64 JRE (17.0.5+8), built on Oct 19 2022 04:48:13 by "temurin" with MS VC++ 16.7 (VS2019)

END.
